# JRE version: OpenJDK Runtime Environment (8.0_152-b01) (build 1.8.0_152-release-1248-b01)
# Java VM: OpenJDK 64-Bit Server VM (25.152-b01 mixed mode windows-amd64 compressed oops)
Heap:
 PSYoungGen      total 342528K, used 125919K [0x00000000e0000000, 0x0000000100000000, 0x0000000100000000)
  eden space 233472K, 7% used [0x00000000e0000000,0x00000000e107e828,0x00000000ee400000)
  from space 109056K, 99% used [0x00000000f9580000,0x00000000ffff9760,0x0000000100000000)
  to   space 145408K, 0% used [0x00000000ee400000,0x00000000ee400000,0x00000000f7200000)
 ParOldGen       total 169472K, used 104930K [0x00000000a0000000, 0x00000000aa580000, 0x00000000e0000000)
  object space 169472K, 61% used [0x00000000a0000000,0x00000000a6678908,0x00000000aa580000)
 Metaspace       used 96446K, capacity 99683K, committed 100016K, reserved 1136640K
  class space    used 11620K, capacity 12378K, committed 12464K, reserved 1048576K
GC Heap History (10 events):
Event: 5198.427 GC heap before
{Heap before GC invocations=25 (full 5):
 PSYoungGen      total 340992K, used 309672K [0x00000000e0000000, 0x00000000fb880000, 0x0000000100000000)
  eden space 265728K, 100% used [0x00000000e0000000,0x00000000f0380000,0x00000000f0380000)
  from space 75264K, 58% used [0x00000000f0380000,0x00000000f2e6a290,0x00000000f4d00000)
  to   space 75776K, 0% used [0x00000000f6e80000,0x00000000f6e80000,0x00000000fb880000)
 ParOldGen       total 169472K, used 64748K [0x00000000a0000000, 0x00000000aa580000, 0x00000000e0000000)
  object space 169472K, 38% used [0x00000000a0000000,0x00000000a3f3b038,0x00000000aa580000)
 Metaspace       used 86368K, capacity 89019K, committed 89264K, reserved 1128448K
  class space    used 10488K, capacity 11148K, committed 11184K, reserved 1048576K
Event: 5198.492 GC heap after
Heap after GC invocations=25 (full 5):
 PSYoungGen      total 360448K, used 75763K [0x00000000e0000000, 0x00000000fda00000, 0x0000000100000000)
  eden space 284672K, 0% used [0x00000000e0000000,0x00000000e0000000,0x00000000f1600000)
  from space 75776K, 99% used [0x00000000f6e80000,0x00000000fb87cf20,0x00000000fb880000)
  to   space 90624K, 0% used [0x00000000f1600000,0x00000000f1600000,0x00000000f6e80000)
 ParOldGen       total 169472K, used 74177K [0x00000000a0000000, 0x00000000aa580000, 0x00000000e0000000)
  object space 169472K, 43% used [0x00000000a0000000,0x00000000a48705f0,0x00000000aa580000)
 Metaspace       used 86368K, capacity 89019K, committed 89264K, reserved 1128448K
  class space    used 10488K, capacity 11148K, committed 11184K, reserved 1048576K
}
Event: 5553.512 GC heap before
{Heap before GC invocations=26 (full 5):
 PSYoungGen      total 360448K, used 360435K [0x00000000e0000000, 0x00000000fda00000, 0x0000000100000000)
  eden space 284672K, 100% used [0x00000000e0000000,0x00000000f1600000,0x00000000f1600000)
  from space 75776K, 99% used [0x00000000f6e80000,0x00000000fb87cf20,0x00000000fb880000)
  to   space 90624K, 0% used [0x00000000f1600000,0x00000000f1600000,0x00000000f6e80000)
 ParOldGen       total 169472K, used 74177K [0x00000000a0000000, 0x00000000aa580000, 0x00000000e0000000)
  object space 169472K, 43% used [0x00000000a0000000,0x00000000a48705f0,0x00000000aa580000)
 Metaspace       used 89997K, capacity 92937K, committed 93104K, reserved 1130496K
  class space    used 10889K, capacity 11573K, committed 11696K, reserved 1048576K
Event: 5553.574 GC heap after
Heap after GC invocations=26 (full 5):
 PSYoungGen      total 375296K, used 77701K [0x00000000e0000000, 0x00000000ffb00000, 0x0000000100000000)
  eden space 284672K, 0% used [0x00000000e0000000,0x00000000e0000000,0x00000000f1600000)
  from space 90624K, 85% used [0x00000000f1600000,0x00000000f61e1430,0x00000000f6e80000)
  to   space 100352K, 0% used [0x00000000f9900000,0x00000000f9900000,0x00000000ffb00000)
 ParOldGen       total 169472K, used 90000K [0x00000000a0000000, 0x00000000aa580000, 0x00000000e0000000)
  object space 169472K, 53% used [0x00000000a0000000,0x00000000a57e4250,0x00000000aa580000)
 Metaspace       used 89997K, capacity 92937K, committed 93104K, reserved 1130496K
  class space    used 10889K, capacity 11573K, committed 11696K, reserved 1048576K
}
Event: 5555.081 GC heap before
{Heap before GC invocations=27 (full 5):
 PSYoungGen      total 375296K, used 362373K [0x00000000e0000000, 0x00000000ffb00000, 0x0000000100000000)
  eden space 284672K, 100% used [0x00000000e0000000,0x00000000f1600000,0x00000000f1600000)
  from space 90624K, 85% used [0x00000000f1600000,0x00000000f61e1430,0x00000000f6e80000)
  to   space 100352K, 0% used [0x00000000f9900000,0x00000000f9900000,0x00000000ffb00000)
 ParOldGen       total 169472K, used 90000K [0x00000000a0000000, 0x00000000aa580000, 0x00000000e0000000)
  object space 169472K, 53% used [0x00000000a0000000,0x00000000a57e4250,0x00000000aa580000)
 Metaspace       used 91361K, capacity 94369K, committed 94512K, reserved 1132544K
  class space    used 11026K, capacity 11751K, committed 11824K, reserved 1048576K
Event: 5555.146 GC heap after
Heap after GC invocations=27 (full 5):
 PSYoungGen      total 406528K, used 80730K [0x00000000e0000000, 0x0000000100000000, 0x0000000100000000)
  eden space 306176K, 0% used [0x00000000e0000000,0x00000000e0000000,0x00000000f2b00000)
  from space 100352K, 80% used [0x00000000f9900000,0x00000000fe7d6ab8,0x00000000ffb00000)
  to   space 109056K, 0% used [0x00000000f2b00000,0x00000000f2b00000,0x00000000f9580000)
 ParOldGen       total 169472K, used 90008K [0x00000000a0000000, 0x00000000aa580000, 0x00000000e0000000)
  object space 169472K, 53% used [0x00000000a0000000,0x00000000a57e6250,0x00000000aa580000)
 Metaspace       used 91361K, capacity 94369K, committed 94512K, reserved 1132544K
  class space    used 11026K, capacity 11751K, committed 11824K, reserved 1048576K
}
Event: 5556.604 GC heap before
{Heap before GC invocations=28 (full 5):
 PSYoungGen      total 406528K, used 386906K [0x00000000e0000000, 0x0000000100000000, 0x0000000100000000)
  eden space 306176K, 100% used [0x00000000e0000000,0x00000000f2b00000,0x00000000f2b00000)
  from space 100352K, 80% used [0x00000000f9900000,0x00000000fe7d6ab8,0x00000000ffb00000)
  to   space 109056K, 0% used [0x00000000f2b00000,0x00000000f2b00000,0x00000000f9580000)
 ParOldGen       total 169472K, used 90008K [0x00000000a0000000, 0x00000000aa580000, 0x00000000e0000000)
  object space 169472K, 53% used [0x00000000a0000000,0x00000000a57e6250,0x00000000aa580000)
 Metaspace       used 95455K, capacity 98591K, committed 98864K, reserved 1136640K
  class space    used 11495K, capacity 12240K, committed 12336K, reserved 1048576K
Event: 5556.676 GC heap after
Heap after GC invocations=28 (full 5):
 PSYoungGen      total 415232K, used 109053K [0x00000000e0000000, 0x0000000100000000, 0x0000000100000000)
  eden space 306176K, 0% used [0x00000000e0000000,0x00000000e0000000,0x00000000f2b00000)
  from space 109056K, 99% used [0x00000000f2b00000,0x00000000f957f718,0x00000000f9580000)
  to   space 109056K, 0% used [0x00000000f9580000,0x00000000f9580000,0x0000000100000000)
 ParOldGen       total 169472K, used 94418K [0x00000000a0000000, 0x00000000aa580000, 0x00000000e0000000)
  object space 169472K, 55% used [0x00000000a0000000,0x00000000a5c34bd8,0x00000000aa580000)
 Metaspace       used 95455K, capacity 98591K, committed 98864K, reserved 1136640K
  class space    used 11495K, capacity 12240K, committed 12336K, reserved 1048576K
}
Event: 6008.492 GC heap before
{Heap before GC invocations=29 (full 5):
 PSYoungGen      total 415232K, used 415229K [0x00000000e0000000, 0x0000000100000000, 0x0000000100000000)
  eden space 306176K, 100% used [0x00000000e0000000,0x00000000f2b00000,0x00000000f2b00000)
  from space 109056K, 99% used [0x00000000f2b00000,0x00000000f957f718,0x00000000f9580000)
  to   space 109056K, 0% used [0x00000000f9580000,0x00000000f9580000,0x0000000100000000)
 ParOldGen       total 169472K, used 94418K [0x00000000a0000000, 0x00000000aa580000, 0x00000000e0000000)
  object space 169472K, 55% used [0x00000000a0000000,0x00000000a5c34bd8,0x00000000aa580000)
 Metaspace       used 96433K, capacity 99683K, committed 100016K, reserved 1136640K
  class space    used 11618K, capacity 12378K, committed 12464K, reserved 1048576K
Event: 6008.588 GC heap after
Heap after GC invocations=29 (full 5):
 PSYoungGen      total 342528K, used 109029K [0x00000000e0000000, 0x0000000100000000, 0x0000000100000000)
  eden space 233472K, 0% used [0x00000000e0000000,0x00000000e0000000,0x00000000ee400000)
  from space 109056K, 99% used [0x00000000f9580000,0x00000000ffff9760,0x0000000100000000)
  to   space 145408K, 0% used [0x00000000ee400000,0x00000000ee400000,0x00000000f7200000)
 ParOldGen       total 169472K, used 104930K [0x00000000a0000000, 0x00000000aa580000, 0x00000000e0000000)
  object space 169472K, 61% used [0x00000000a0000000,0x00000000a6678908,0x00000000aa580000)
 Metaspace       used 96433K, capacity 99683K, committed 100016K, reserved 1136640K
  class space    used 11618K, capacity 12378K, committed 12464K, reserved 1048576K
}

